2025-03-18 13:10:51,355 - INFO - using Version_1_Satellite_Feed_Planner 03rd Mar to 09th Mar 2025.xlsx from C:\Users\DELL\Desktop\liveevents\Version_1_Satellite_Feed_Planner 03rd Mar to 09th Mar 2025.xlsx
2025-03-18 13:10:51,360 - INFO - Processing: Version_1_Satellite_Feed_Planner 03rd Mar to 09th Mar 2025.xlsx
2025-03-18 13:10:59,192 - INFO - 1920X1080
2025-03-18 13:10:59,390 - INFO - using headers ['IST(+ 5.5)', 'DUR', 'TELECAST', 'DESCRIPTION', 'CHANNEL', 'LINE INPUT', 'SOURCE', 'CIRCUIT']
2025-03-18 13:10:59,690 - INFO - Image created: output_image.png
2025-03-18 13:10:59,704 - INFO - Wallpaper set
2025-03-18 13:12:07,314 - INFO - using Version_1_Satellite_Feed_Planner 03rd Mar to 09th Mar 2025.xlsx from C:\Users\DELL\Desktop\liveevents\Version_1_Satellite_Feed_Planner 03rd Mar to 09th Mar 2025.xlsx
2025-03-18 13:12:07,315 - INFO - Processing: Version_1_Satellite_Feed_Planner 03rd Mar to 09th Mar 2025.xlsx
2025-03-18 13:12:13,742 - INFO - 1920X1080
2025-03-18 13:12:13,884 - INFO - using headers ['IST(+ 5.5)', 'DUR', 'TELECAST', 'DESCRIPTION', 'CHANNEL', 'LINE INPUT', 'SOURCE', 'CIRCUIT']
2025-03-18 13:12:14,052 - INFO - Image created: output_image.png
2025-03-18 13:12:14,069 - INFO - Wallpaper set
2025-03-18 13:12:44,072 - INFO - using Version_1_Satellite_Feed_Planner 03rd Mar to 09th Mar 2025.xlsx from C:\Users\DELL\Desktop\liveevents\Version_1_Satellite_Feed_Planner 03rd Mar to 09th Mar 2025.xlsx
2025-03-18 13:12:44,073 - INFO - Processing: Version_1_Satellite_Feed_Planner 03rd Mar to 09th Mar 2025.xlsx
2025-03-18 13:12:51,158 - INFO - 1920X1080
2025-03-18 13:12:51,410 - INFO - using headers ['IST(+ 5.5)', 'DUR', 'TELECAST', 'DESCRIPTION', 'CHANNEL', 'LINE INPUT', 'SOURCE', 'CIRCUIT']
2025-03-18 13:12:51,705 - INFO - Image created: output_image.png
2025-03-18 13:12:51,707 - INFO - Wallpaper set
2025-03-18 13:15:52,491 - INFO - using Version_1_Satellite_Feed_Planner 03rd Mar to 09th Mar 2025.xlsx from C:\Users\DELL\Desktop\liveevents\Version_1_Satellite_Feed_Planner 03rd Mar to 09th Mar 2025.xlsx
2025-03-18 13:15:52,491 - INFO - Processing: Version_1_Satellite_Feed_Planner 03rd Mar to 09th Mar 2025.xlsx
2025-03-18 13:15:58,743 - INFO - 1920X1080
2025-03-18 13:15:58,894 - INFO - using headers ['IST(+ 5.5)', 'DUR', 'TELECAST', 'DESCRIPTION', 'CHANNEL', 'LINE INPUT', 'SOURCE', 'CIRCUIT']
2025-03-18 13:15:58,916 - INFO - Playing: audio.mp3
2025-03-18 13:16:02,592 - INFO - Playback finished successfully.
2025-03-18 13:16:02,755 - INFO - Image created: output_image.png
2025-03-18 13:16:02,762 - INFO - Wallpaper set
2025-03-18 13:18:44,731 - INFO - using Version_1_Satellite_Feed_Planner 03rd Mar to 09th Mar 2025.xlsx from C:\Users\DELL\Desktop\liveevents\Version_1_Satellite_Feed_Planner 03rd Mar to 09th Mar 2025.xlsx
2025-03-18 13:18:44,731 - INFO - Processing: Version_1_Satellite_Feed_Planner 03rd Mar to 09th Mar 2025.xlsx
2025-03-18 13:18:49,547 - INFO - 1920X1080
2025-03-18 13:18:49,698 - INFO - using headers ['IST(+ 5.5)', 'DUR', 'TELECAST', 'DESCRIPTION', 'CHANNEL', 'LINE INPUT', 'SOURCE', 'CIRCUIT']
2025-03-18 13:18:49,863 - INFO - Image created: output_image.png
2025-03-18 13:18:49,870 - INFO - Wallpaper set
2025-03-18 13:29:01,560 - INFO - using Version_1_Satellite_Feed_Planner 03rd Mar to 09th Mar 2025.xlsx from C:\Users\DELL\Desktop\liveevents\Version_1_Satellite_Feed_Planner 03rd Mar to 09th Mar 2025.xlsx
2025-03-18 13:29:01,561 - INFO - Processing: Version_1_Satellite_Feed_Planner 03rd Mar to 09th Mar 2025.xlsx
2025-03-18 13:29:07,697 - INFO - 1920X1080
2025-03-18 13:29:07,983 - INFO - using headers ['IST(+ 5.5)', 'DUR', 'TELECAST', 'DESCRIPTION', 'CHANNEL', 'LINE INPUT', 'SOURCE', 'CIRCUIT']
2025-03-18 13:29:08,169 - INFO - Image created: output_image.png
2025-03-18 13:29:08,175 - INFO - Wallpaper set
2025-03-18 13:30:50,836 - INFO - using Version_1_Satellite_Feed_Planner 03rd Mar to 09th Mar 2025.xlsx from C:\Users\DELL\Desktop\liveevents\Version_1_Satellite_Feed_Planner 03rd Mar to 09th Mar 2025.xlsx
2025-03-18 13:30:50,836 - INFO - Processing: Version_1_Satellite_Feed_Planner 03rd Mar to 09th Mar 2025.xlsx
2025-03-18 13:30:55,802 - INFO - 1920X1080
2025-03-18 13:30:55,956 - INFO - using headers ['IST(+ 5.5)', 'DUR', 'TELECAST', 'DESCRIPTION', 'CHANNEL', 'LINE INPUT', 'SOURCE', 'CIRCUIT']
2025-03-18 13:30:56,121 - INFO - Image created: output_image.png
2025-03-18 13:30:56,127 - INFO - Wallpaper set
2025-03-18 13:32:53,052 - INFO - using Version_1_Satellite_Feed_Planner 03rd Mar to 09th Mar 2025.xlsx from C:\Users\DELL\Desktop\liveevents\Version_1_Satellite_Feed_Planner 03rd Mar to 09th Mar 2025.xlsx
2025-03-18 13:32:53,053 - INFO - Processing: Version_1_Satellite_Feed_Planner 03rd Mar to 09th Mar 2025.xlsx
2025-03-18 13:32:57,929 - INFO - 1920X1080
2025-03-18 13:32:58,085 - ERROR - Error: argument of type 'datetime.datetime' is not iterable. Retrying in 30 seconds...
2025-03-18 13:36:07,238 - INFO - using Version_1_Satellite_Feed_Planner 03rd Mar to 09th Mar 2025.xlsx from C:\Users\DELL\Desktop\liveevents\Version_1_Satellite_Feed_Planner 03rd Mar to 09th Mar 2025.xlsx
2025-03-18 13:36:07,239 - INFO - Processing: Version_1_Satellite_Feed_Planner 03rd Mar to 09th Mar 2025.xlsx
2025-03-18 13:36:12,204 - INFO - 1920X1080
2025-03-18 13:36:12,370 - INFO - using headers ['IST(+ 5.5)', 'DUR', 'TELECAST', 'DESCRIPTION', 'CHANNEL', 'LINE INPUT', 'SOURCE', 'CIRCUIT']
2025-03-18 13:36:12,544 - INFO - Image created: output_image.png
2025-03-18 13:36:12,554 - INFO - Wallpaper set
2025-03-18 13:37:14,622 - INFO - using Version_1_Satellite_Feed_Planner 03rd Mar to 09th Mar 2025.xlsx from C:\Users\DELL\Desktop\liveevents\Version_1_Satellite_Feed_Planner 03rd Mar to 09th Mar 2025.xlsx
2025-03-18 13:37:14,622 - INFO - Processing: Version_1_Satellite_Feed_Planner 03rd Mar to 09th Mar 2025.xlsx
2025-03-18 13:37:19,640 - INFO - 1920X1080
2025-03-18 13:37:19,795 - INFO - using headers ['IST(+ 5.5)', 'DUR', 'TELECAST', 'DESCRIPTION', 'CHANNEL', 'LINE INPUT', 'SOURCE', 'CIRCUIT']
2025-03-18 13:37:19,972 - INFO - Image created: output_image.png
2025-03-18 13:37:19,980 - INFO - Wallpaper set
2025-03-18 13:38:30,714 - INFO - using Version_1_Satellite_Feed_Planner 03rd Mar to 09th Mar 2025.xlsx from C:\Users\DELL\Desktop\liveevents\Version_1_Satellite_Feed_Planner 03rd Mar to 09th Mar 2025.xlsx
2025-03-18 13:38:30,715 - INFO - Processing: Version_1_Satellite_Feed_Planner 03rd Mar to 09th Mar 2025.xlsx
2025-03-18 13:38:35,528 - INFO - 1920X1080
2025-03-18 13:38:35,686 - INFO - using headers ['IST(+ 5.5)', 'DUR', 'TELECAST', 'DESCRIPTION', 'CHANNEL', 'LINE INPUT', 'SOURCE', 'CIRCUIT']
2025-03-18 13:38:35,856 - INFO - Image created: output_image.png
2025-03-18 13:38:35,862 - INFO - Wallpaper set
2025-03-18 13:39:32,266 - INFO - using Version_1_Satellite_Feed_Planner 03rd Mar to 09th Mar 2025.xlsx from C:\Users\DELL\Desktop\liveevents\Version_1_Satellite_Feed_Planner 03rd Mar to 09th Mar 2025.xlsx
2025-03-18 13:39:32,266 - INFO - Processing: Version_1_Satellite_Feed_Planner 03rd Mar to 09th Mar 2025.xlsx
2025-03-18 13:39:37,218 - INFO - 1920X1080
2025-03-18 13:39:37,373 - INFO - using headers ['IST(+ 5.5)', 'DUR', 'TELECAST', 'DESCRIPTION', 'CHANNEL', 'LINE INPUT', 'SOURCE', 'CIRCUIT']
2025-03-18 13:39:37,541 - INFO - Image created: output_image.png
2025-03-18 13:39:37,548 - INFO - Wallpaper set
2025-03-18 13:39:54,718 - INFO - using Version_1_Satellite_Feed_Planner 03rd Mar to 09th Mar 2025.xlsx from C:\Users\DELL\Desktop\liveevents\Version_1_Satellite_Feed_Planner 03rd Mar to 09th Mar 2025.xlsx
2025-03-18 13:39:54,718 - INFO - Processing: Version_1_Satellite_Feed_Planner 03rd Mar to 09th Mar 2025.xlsx
2025-03-18 13:39:59,747 - INFO - 1920X1080
2025-03-18 13:39:59,900 - INFO - using headers ['IST(+ 5.5)', 'DUR', 'TELECAST', 'DESCRIPTION', 'CHANNEL', 'LINE INPUT', 'SOURCE', 'CIRCUIT']
2025-03-18 13:40:00,070 - INFO - Image created: output_image.png
2025-03-18 13:40:00,075 - INFO - Wallpaper set
2025-03-18 13:40:43,950 - INFO - using Version_1_Satellite_Feed_Planner 03rd Mar to 09th Mar 2025.xlsx from C:\Users\DELL\Desktop\liveevents\Version_1_Satellite_Feed_Planner 03rd Mar to 09th Mar 2025.xlsx
2025-03-18 13:40:43,951 - INFO - Processing: Version_1_Satellite_Feed_Planner 03rd Mar to 09th Mar 2025.xlsx
2025-03-18 13:40:48,867 - INFO - 1920X1080
2025-03-18 13:40:49,021 - INFO - using headers ['IST(+ 5.5)', 'DUR', 'TELECAST', 'DESCRIPTION', 'CHANNEL', 'LINE INPUT', 'SOURCE', 'CIRCUIT']
2025-03-18 13:40:49,191 - INFO - Image created: output_image.png
2025-03-18 13:40:49,197 - INFO - Wallpaper set
2025-03-18 13:41:09,230 - INFO - using Version_1_Satellite_Feed_Planner 03rd Mar to 09th Mar 2025.xlsx from C:\Users\DELL\Desktop\liveevents\Version_1_Satellite_Feed_Planner 03rd Mar to 09th Mar 2025.xlsx
2025-03-18 13:41:09,230 - INFO - Processing: Version_1_Satellite_Feed_Planner 03rd Mar to 09th Mar 2025.xlsx
2025-03-18 13:41:14,082 - INFO - 1920X1080
2025-03-18 13:41:14,240 - INFO - using headers ['IST(+ 5.5)', 'DUR', 'TELECAST', 'DESCRIPTION', 'CHANNEL', 'LINE INPUT', 'SOURCE', 'CIRCUIT']
2025-03-18 13:41:14,409 - INFO - Image created: output_image.png
2025-03-18 13:41:14,414 - INFO - Wallpaper set
2025-03-18 13:41:44,415 - INFO - using Version_1_Satellite_Feed_Planner 03rd Mar to 09th Mar 2025.xlsx from C:\Users\DELL\Desktop\liveevents\Version_1_Satellite_Feed_Planner 03rd Mar to 09th Mar 2025.xlsx
2025-03-18 13:41:44,416 - INFO - Processing: Version_1_Satellite_Feed_Planner 03rd Mar to 09th Mar 2025.xlsx
2025-03-18 13:41:52,695 - INFO - 1920X1080
2025-03-18 13:41:52,915 - INFO - using headers ['IST(+ 5.5)', 'DUR', 'TELECAST', 'DESCRIPTION', 'CHANNEL', 'LINE INPUT', 'SOURCE', 'CIRCUIT']
2025-03-18 13:41:53,173 - INFO - Image created: output_image.png
2025-03-18 13:41:53,180 - INFO - Wallpaper set
2025-03-18 13:48:11,541 - INFO - using Version_1_Satellite_Feed_Planner 03rd Mar to 09th Mar 2025.xlsx from C:\Users\DELL\Desktop\liveevents\Version_1_Satellite_Feed_Planner 03rd Mar to 09th Mar 2025.xlsx
2025-03-18 13:48:11,543 - INFO - Processing: Version_1_Satellite_Feed_Planner 03rd Mar to 09th Mar 2025.xlsx
2025-03-18 13:48:17,177 - INFO - 1920X1080
2025-03-18 13:48:17,332 - ERROR - Error: cannot open resource. Retrying in 30 seconds...
2025-03-18 13:48:44,183 - INFO - using Version_1_Satellite_Feed_Planner 03rd Mar to 09th Mar 2025.xlsx from C:\Users\DELL\Desktop\liveevents\Version_1_Satellite_Feed_Planner 03rd Mar to 09th Mar 2025.xlsx
2025-03-18 13:48:44,183 - INFO - Processing: Version_1_Satellite_Feed_Planner 03rd Mar to 09th Mar 2025.xlsx
2025-03-18 13:48:48,996 - INFO - 1920X1080
2025-03-18 13:48:49,145 - ERROR - Error: cannot open resource. Retrying in 30 seconds...
2025-03-18 13:49:25,978 - INFO - using Version_1_Satellite_Feed_Planner 03rd Mar to 09th Mar 2025.xlsx from C:\Users\DELL\Desktop\liveevents\Version_1_Satellite_Feed_Planner 03rd Mar to 09th Mar 2025.xlsx
2025-03-18 13:49:25,980 - INFO - Processing: Version_1_Satellite_Feed_Planner 03rd Mar to 09th Mar 2025.xlsx
2025-03-18 13:49:31,048 - INFO - 1920X1080
2025-03-18 13:49:31,208 - INFO - using headers ['IST(+ 5.5)', 'DUR', 'TELECAST', 'DESCRIPTION', 'CHANNEL', 'LINE INPUT', 'SOURCE', 'CIRCUIT']
2025-03-18 13:49:31,405 - INFO - Image created: output_image.png
2025-03-18 13:49:31,413 - INFO - Wallpaper set
2025-03-18 13:49:57,865 - INFO - using Version_1_Satellite_Feed_Planner 03rd Mar to 09th Mar 2025.xlsx from C:\Users\DELL\Desktop\liveevents\Version_1_Satellite_Feed_Planner 03rd Mar to 09th Mar 2025.xlsx
2025-03-18 13:49:57,865 - INFO - Processing: Version_1_Satellite_Feed_Planner 03rd Mar to 09th Mar 2025.xlsx
2025-03-18 13:50:02,747 - INFO - 1920X1080
2025-03-18 13:50:02,903 - INFO - using headers ['IST(+ 5.5)', 'DUR', 'TELECAST', 'DESCRIPTION', 'CHANNEL', 'LINE INPUT', 'SOURCE', 'CIRCUIT']
2025-03-18 13:50:03,068 - INFO - Image created: output_image.png
2025-03-18 13:50:03,074 - INFO - Wallpaper set
2025-03-18 13:50:33,076 - INFO - using Version_1_Satellite_Feed_Planner 03rd Mar to 09th Mar 2025.xlsx from C:\Users\DELL\Desktop\liveevents\Version_1_Satellite_Feed_Planner 03rd Mar to 09th Mar 2025.xlsx
2025-03-18 13:50:33,078 - INFO - Processing: Version_1_Satellite_Feed_Planner 03rd Mar to 09th Mar 2025.xlsx
2025-03-18 13:50:37,355 - INFO - 1920X1080
2025-03-18 13:50:37,504 - INFO - using headers ['IST(+ 5.5)', 'DUR', 'TELECAST', 'DESCRIPTION', 'CHANNEL', 'LINE INPUT', 'SOURCE', 'CIRCUIT']
2025-03-18 13:50:37,683 - INFO - Image created: output_image.png
2025-03-18 13:50:37,686 - INFO - Wallpaper set
2025-03-18 13:51:07,688 - INFO - using Version_1_Satellite_Feed_Planner 03rd Mar to 09th Mar 2025.xlsx from C:\Users\DELL\Desktop\liveevents\Version_1_Satellite_Feed_Planner 03rd Mar to 09th Mar 2025.xlsx
2025-03-18 13:51:07,689 - INFO - Processing: Version_1_Satellite_Feed_Planner 03rd Mar to 09th Mar 2025.xlsx
2025-03-18 13:51:11,938 - INFO - 1920X1080
2025-03-18 13:51:12,088 - INFO - using headers ['IST(+ 5.5)', 'DUR', 'TELECAST', 'DESCRIPTION', 'CHANNEL', 'LINE INPUT', 'SOURCE', 'CIRCUIT']
2025-03-18 13:51:12,260 - INFO - Image created: output_image.png
2025-03-18 13:51:12,264 - INFO - Wallpaper set
2025-03-18 14:02:32,062 - INFO - using Version_1_Satellite_Feed_Planner 03rd Mar to 09th Mar 2025.xlsx from C:\Users\DELL\Desktop\liveevents\Version_1_Satellite_Feed_Planner 03rd Mar to 09th Mar 2025.xlsx
2025-03-18 14:02:32,063 - INFO - Processing: Version_1_Satellite_Feed_Planner 03rd Mar to 09th Mar 2025.xlsx
2025-03-18 14:02:37,269 - ERROR - Error: [Errno 2] No such file or directory: 'default_logo.jfif'. Retrying in 30 seconds...
2025-03-18 14:03:35,413 - INFO - using Version_1_Satellite_Feed_Planner 03rd Mar to 09th Mar 2025.xlsx from C:\Users\DELL\Desktop\liveevents\Version_1_Satellite_Feed_Planner 03rd Mar to 09th Mar 2025.xlsx
2025-03-18 14:03:35,414 - INFO - Processing: Version_1_Satellite_Feed_Planner 03rd Mar to 09th Mar 2025.xlsx
2025-03-18 14:03:40,409 - INFO - 1920X1080
2025-03-18 14:03:40,589 - INFO - using headers ['IST(+ 5.5)', 'DUR', 'TELECAST', 'DESCRIPTION', 'CHANNEL', 'LINE INPUT', 'SOURCE', 'CIRCUIT']
2025-03-18 14:03:40,754 - INFO - Image created: output_image.png
2025-03-18 14:03:40,760 - INFO - Wallpaper set
2025-03-18 14:06:04,524 - INFO - using Version_1_Satellite_Feed_Planner 03rd Mar to 09th Mar 2025.xlsx from C:\Users\DELL\Desktop\liveevents\Version_1_Satellite_Feed_Planner 03rd Mar to 09th Mar 2025.xlsx
2025-03-18 14:06:04,525 - INFO - Processing: Version_1_Satellite_Feed_Planner 03rd Mar to 09th Mar 2025.xlsx
2025-03-18 14:06:09,376 - INFO - 1920X1080
2025-03-18 14:06:09,544 - INFO - using headers ['IST(+ 5.5)', 'DUR', 'TELECAST', 'DESCRIPTION', 'CHANNEL', 'LINE INPUT', 'SOURCE', 'CIRCUIT']
2025-03-18 14:06:09,713 - INFO - Image created: output_image.png
2025-03-18 14:06:09,719 - INFO - Wallpaper set
2025-03-18 14:06:25,667 - INFO - using Version_1_Satellite_Feed_Planner 03rd Mar to 09th Mar 2025.xlsx from C:\Users\DELL\Desktop\liveevents\Version_1_Satellite_Feed_Planner 03rd Mar to 09th Mar 2025.xlsx
2025-03-18 14:06:25,667 - INFO - Processing: Version_1_Satellite_Feed_Planner 03rd Mar to 09th Mar 2025.xlsx
2025-03-18 14:06:30,480 - INFO - 1920X1080
2025-03-18 14:06:30,646 - INFO - using headers ['IST(+ 5.5)', 'DUR', 'TELECAST', 'DESCRIPTION', 'CHANNEL', 'LINE INPUT', 'SOURCE', 'CIRCUIT']
2025-03-18 14:06:30,819 - INFO - Image created: output_image.png
2025-03-18 14:06:30,826 - INFO - Wallpaper set
2025-03-18 14:06:45,506 - INFO - using Version_1_Satellite_Feed_Planner 03rd Mar to 09th Mar 2025.xlsx from C:\Users\DELL\Desktop\liveevents\Version_1_Satellite_Feed_Planner 03rd Mar to 09th Mar 2025.xlsx
2025-03-18 14:06:45,507 - INFO - Processing: Version_1_Satellite_Feed_Planner 03rd Mar to 09th Mar 2025.xlsx
2025-03-18 14:06:50,427 - INFO - 1920X1080
2025-03-18 14:06:50,593 - INFO - using headers ['IST(+ 5.5)', 'DUR', 'TELECAST', 'DESCRIPTION', 'CHANNEL', 'LINE INPUT', 'SOURCE', 'CIRCUIT']
2025-03-18 14:06:50,761 - INFO - Image created: output_image.png
2025-03-18 14:06:50,768 - INFO - Wallpaper set
2025-03-18 14:09:28,408 - INFO - using Version_1_Satellite_Feed_Planner 03rd Mar to 09th Mar 2025.xlsx from C:\Users\DELL\Desktop\liveevents\Version_1_Satellite_Feed_Planner 03rd Mar to 09th Mar 2025.xlsx
2025-03-18 14:09:28,408 - INFO - Processing: Version_1_Satellite_Feed_Planner 03rd Mar to 09th Mar 2025.xlsx
2025-03-18 14:09:33,517 - INFO - 1920X1080
2025-03-18 14:09:33,680 - INFO - using headers ['IST(+ 5.5)', 'DUR', 'TELECAST', 'DESCRIPTION', 'CHANNEL', 'LINE INPUT', 'SOURCE', 'CIRCUIT']
2025-03-18 14:09:33,849 - INFO - Image created: output_image.png
2025-03-18 14:09:33,856 - INFO - Wallpaper set
2025-03-18 14:11:14,190 - INFO - using Version_1_Satellite_Feed_Planner 03rd Mar to 09th Mar 2025.xlsx from C:\Users\DELL\Desktop\liveevents\Version_1_Satellite_Feed_Planner 03rd Mar to 09th Mar 2025.xlsx
2025-03-18 14:11:14,191 - INFO - Processing: Version_1_Satellite_Feed_Planner 03rd Mar to 09th Mar 2025.xlsx
2025-03-18 14:11:22,237 - INFO - 1920X1080
2025-03-18 14:11:22,495 - INFO - using headers ['IST(+ 5.5)', 'DUR', 'TELECAST', 'DESCRIPTION', 'CHANNEL', 'LINE INPUT', 'SOURCE', 'CIRCUIT']
2025-03-18 14:11:22,807 - INFO - Image created: output_image.png
2025-03-18 14:11:22,815 - INFO - Wallpaper set
2025-03-18 14:26:13,510 - INFO - using Version_1_Satellite_Feed_Planner 03rd Mar to 09th Mar 2025.xlsx from C:\Users\DELL\Desktop\liveevents\Version_1_Satellite_Feed_Planner 03rd Mar to 09th Mar 2025.xlsx
2025-03-18 14:26:13,510 - INFO - Processing: Version_1_Satellite_Feed_Planner 03rd Mar to 09th Mar 2025.xlsx
2025-03-18 14:26:18,554 - INFO - 1920X1080
2025-03-18 14:26:18,719 - INFO - Wallpaper set
2025-03-18 14:28:26,136 - INFO - using Version_1_Satellite_Feed_Planner 03rd Mar to 09th Mar 2025.xlsx from C:\Users\DELL\Desktop\liveevents\Version_1_Satellite_Feed_Planner 03rd Mar to 09th Mar 2025.xlsx
2025-03-18 14:28:26,136 - INFO - Processing: Version_1_Satellite_Feed_Planner 03rd Mar to 09th Mar 2025.xlsx
2025-03-18 14:28:31,111 - INFO - 1920X1080
2025-03-18 14:28:31,257 - INFO - Wallpaper set
2025-03-18 14:28:49,128 - INFO - using Version_1_Satellite_Feed_Planner 03rd Mar to 09th Mar 2025.xlsx from C:\Users\DELL\Desktop\liveevents\Version_1_Satellite_Feed_Planner 03rd Mar to 09th Mar 2025.xlsx
2025-03-18 14:28:49,129 - INFO - Processing: Version_1_Satellite_Feed_Planner 03rd Mar to 09th Mar 2025.xlsx
2025-03-18 14:28:53,964 - INFO - 1920X1080
2025-03-18 14:28:54,110 - INFO - Wallpaper set
2025-03-18 14:29:50,315 - INFO - using Version_1_Satellite_Feed_Planner 03rd Mar to 09th Mar 2025.xlsx from C:\Users\DELL\Desktop\liveevents\Version_1_Satellite_Feed_Planner 03rd Mar to 09th Mar 2025.xlsx
2025-03-18 14:29:50,315 - INFO - Processing: Version_1_Satellite_Feed_Planner 03rd Mar to 09th Mar 2025.xlsx
2025-03-18 14:29:55,468 - INFO - 1920X1080
2025-03-18 14:29:55,626 - INFO - Wallpaper set
2025-03-18 14:37:19,435 - INFO - using Version_1_Satellite_Feed_Planner 03rd Mar to 09th Mar 2025.xlsx from C:\Users\DELL\Desktop\liveevents\Version_1_Satellite_Feed_Planner 03rd Mar to 09th Mar 2025.xlsx
2025-03-18 14:37:19,436 - INFO - Processing: Version_1_Satellite_Feed_Planner 03rd Mar to 09th Mar 2025.xlsx
2025-03-18 14:37:24,798 - INFO - 1920X1080
2025-03-18 14:37:25,008 - INFO - using headers ['IST(+ 5.5)', 'DUR', 'TELECAST', 'DESCRIPTION', 'CHANNEL', 'LINE INPUT', 'SOURCE', 'CIRCUIT']
2025-03-18 14:37:25,107 - INFO - Image created: output_image.png
2025-03-18 14:37:25,112 - INFO - Wallpaper set
2025-03-18 14:38:38,204 - INFO - using Version_1_Satellite_Feed_Planner 03rd Mar to 09th Mar 2025.xlsx from C:\Users\DELL\Desktop\liveevents\Version_1_Satellite_Feed_Planner 03rd Mar to 09th Mar 2025.xlsx
2025-03-18 14:38:38,204 - INFO - Processing: Version_1_Satellite_Feed_Planner 03rd Mar to 09th Mar 2025.xlsx
2025-03-18 14:38:42,884 - INFO - 1920X1080
2025-03-18 14:38:43,094 - INFO - using headers ['IST(+ 5.5)', 'DUR', 'TELECAST', 'DESCRIPTION', 'CHANNEL', 'LINE INPUT', 'SOURCE', 'CIRCUIT']
2025-03-18 14:38:43,186 - INFO - Image created: output_image.png
2025-03-18 14:38:43,192 - INFO - Wallpaper set
2025-03-18 14:39:28,907 - INFO - using Version_1_Satellite_Feed_Planner 03rd Mar to 09th Mar 2025.xlsx from C:\Users\DELL\Desktop\liveevents\Version_1_Satellite_Feed_Planner 03rd Mar to 09th Mar 2025.xlsx
2025-03-18 14:39:28,907 - INFO - Processing: Version_1_Satellite_Feed_Planner 03rd Mar to 09th Mar 2025.xlsx
2025-03-18 14:39:33,845 - INFO - 1920X1080
2025-03-18 14:39:34,004 - INFO - using headers ['IST(+ 5.5)', 'DUR', 'TELECAST', 'DESCRIPTION', 'CHANNEL', 'LINE INPUT', 'SOURCE', 'CIRCUIT']
2025-03-18 14:39:34,182 - INFO - Image created: output_image.png
2025-03-18 14:39:34,188 - INFO - Wallpaper set
2025-03-18 14:41:14,725 - INFO - using Version_1_Satellite_Feed_Planner 03rd Mar to 09th Mar 2025.xlsx from C:\Users\DELL\Desktop\liveevents\Version_1_Satellite_Feed_Planner 03rd Mar to 09th Mar 2025.xlsx
2025-03-18 14:41:14,725 - INFO - Processing: Version_1_Satellite_Feed_Planner 03rd Mar to 09th Mar 2025.xlsx
2025-03-18 14:41:19,537 - INFO - 1920X1080
2025-03-18 14:41:19,693 - INFO - using headers ['IST(+ 5.5)', 'DUR', 'TELECAST', 'DESCRIPTION', 'CHANNEL', 'LINE INPUT', 'SOURCE', 'CIRCUIT']
2025-03-18 14:41:19,864 - INFO - Image created: output_image.png
2025-03-18 14:41:19,869 - INFO - Wallpaper set
2025-03-18 14:41:35,930 - INFO - using Version_1_Satellite_Feed_Planner 03rd Mar to 09th Mar 2025.xlsx from C:\Users\DELL\Desktop\liveevents\Version_1_Satellite_Feed_Planner 03rd Mar to 09th Mar 2025.xlsx
2025-03-18 14:41:35,931 - INFO - Processing: Version_1_Satellite_Feed_Planner 03rd Mar to 09th Mar 2025.xlsx
2025-03-18 14:41:41,111 - INFO - 1920X1080
2025-03-18 14:41:41,270 - INFO - using headers ['IST(+ 5.5)', 'DUR', 'TELECAST', 'DESCRIPTION', 'CHANNEL', 'LINE INPUT', 'SOURCE', 'CIRCUIT']
2025-03-18 14:41:41,435 - INFO - Image created: output_image.png
2025-03-18 14:41:41,440 - INFO - Wallpaper set
2025-03-18 14:43:38,958 - INFO - using Version_1_Satellite_Feed_Planner 03rd Mar to 09th Mar 2025.xlsx from C:\Users\DELL\Desktop\liveevents\Version_1_Satellite_Feed_Planner 03rd Mar to 09th Mar 2025.xlsx
2025-03-18 14:43:38,959 - INFO - Processing: Version_1_Satellite_Feed_Planner 03rd Mar to 09th Mar 2025.xlsx
2025-03-18 14:43:43,985 - INFO - 1920X1080
2025-03-18 14:43:44,145 - INFO - using headers ['IST(+ 5.5)', 'DUR', 'TELECAST', 'DESCRIPTION', 'CHANNEL', 'LINE INPUT', 'SOURCE', 'CIRCUIT']
2025-03-18 14:43:44,323 - INFO - Image created: output_image.png
2025-03-18 14:43:44,328 - INFO - Wallpaper set
2025-03-18 14:45:06,040 - INFO - using Version_1_Satellite_Feed_Planner 03rd Mar to 09th Mar 2025.xlsx from C:\Users\DELL\Desktop\liveevents\Version_1_Satellite_Feed_Planner 03rd Mar to 09th Mar 2025.xlsx
2025-03-18 14:45:06,041 - INFO - Processing: Version_1_Satellite_Feed_Planner 03rd Mar to 09th Mar 2025.xlsx
2025-03-18 14:45:10,795 - INFO - 1920X1080
2025-03-18 14:45:10,955 - INFO - using headers ['IST(+ 5.5)', 'DUR', 'TELECAST', 'DESCRIPTION', 'CHANNEL', 'LINE INPUT', 'SOURCE', 'CIRCUIT']
2025-03-18 14:45:11,123 - INFO - Image created: output_image.png
2025-03-18 14:45:11,129 - INFO - Wallpaper set
2025-03-18 14:45:26,158 - INFO - using Version_1_Satellite_Feed_Planner 03rd Mar to 09th Mar 2025.xlsx from C:\Users\DELL\Desktop\liveevents\Version_1_Satellite_Feed_Planner 03rd Mar to 09th Mar 2025.xlsx
2025-03-18 14:45:26,158 - INFO - Processing: Version_1_Satellite_Feed_Planner 03rd Mar to 09th Mar 2025.xlsx
2025-03-18 14:45:31,106 - INFO - 1920X1080
2025-03-18 14:45:31,269 - INFO - using headers ['IST(+ 5.5)', 'DUR', 'TELECAST', 'DESCRIPTION', 'CHANNEL', 'LINE INPUT', 'SOURCE', 'CIRCUIT']
2025-03-18 14:45:31,445 - INFO - Image created: output_image.png
2025-03-18 14:45:31,451 - INFO - Wallpaper set
2025-03-18 14:46:01,454 - INFO - using Version_1_Satellite_Feed_Planner 03rd Mar to 09th Mar 2025.xlsx from C:\Users\DELL\Desktop\liveevents\Version_1_Satellite_Feed_Planner 03rd Mar to 09th Mar 2025.xlsx
2025-03-18 14:46:01,455 - INFO - Processing: Version_1_Satellite_Feed_Planner 03rd Mar to 09th Mar 2025.xlsx
2025-03-18 14:46:05,817 - INFO - 1920X1080
2025-03-18 14:46:05,969 - INFO - using headers ['IST(+ 5.5)', 'DUR', 'TELECAST', 'DESCRIPTION', 'CHANNEL', 'LINE INPUT', 'SOURCE', 'CIRCUIT']
2025-03-18 14:46:06,135 - INFO - Image created: output_image.png
2025-03-18 14:46:06,140 - INFO - Wallpaper set
2025-03-18 14:46:36,142 - INFO - using Version_1_Satellite_Feed_Planner 03rd Mar to 09th Mar 2025.xlsx from C:\Users\DELL\Desktop\liveevents\Version_1_Satellite_Feed_Planner 03rd Mar to 09th Mar 2025.xlsx
2025-03-18 14:46:36,143 - INFO - Processing: Version_1_Satellite_Feed_Planner 03rd Mar to 09th Mar 2025.xlsx
2025-03-18 14:46:40,502 - INFO - 1920X1080
2025-03-18 14:46:40,662 - INFO - using headers ['IST(+ 5.5)', 'DUR', 'TELECAST', 'DESCRIPTION', 'CHANNEL', 'LINE INPUT', 'SOURCE', 'CIRCUIT']
2025-03-18 14:46:40,832 - INFO - Image created: output_image.png
2025-03-18 14:46:40,836 - INFO - Wallpaper set
2025-03-18 14:47:10,838 - INFO - using Version_1_Satellite_Feed_Planner 03rd Mar to 09th Mar 2025.xlsx from C:\Users\DELL\Desktop\liveevents\Version_1_Satellite_Feed_Planner 03rd Mar to 09th Mar 2025.xlsx
2025-03-18 14:47:10,839 - INFO - Processing: Version_1_Satellite_Feed_Planner 03rd Mar to 09th Mar 2025.xlsx
2025-03-18 14:47:15,083 - INFO - 1920X1080
2025-03-18 14:47:15,238 - INFO - using headers ['IST(+ 5.5)', 'DUR', 'TELECAST', 'DESCRIPTION', 'CHANNEL', 'LINE INPUT', 'SOURCE', 'CIRCUIT']
2025-03-18 14:47:15,408 - INFO - Image created: output_image.png
2025-03-18 14:47:15,414 - INFO - Wallpaper set
2025-03-18 14:47:45,414 - INFO - using Version_1_Satellite_Feed_Planner 03rd Mar to 09th Mar 2025.xlsx from C:\Users\DELL\Desktop\liveevents\Version_1_Satellite_Feed_Planner 03rd Mar to 09th Mar 2025.xlsx
2025-03-18 14:47:45,415 - INFO - Processing: Version_1_Satellite_Feed_Planner 03rd Mar to 09th Mar 2025.xlsx
2025-03-18 14:47:49,747 - INFO - 1920X1080
2025-03-18 14:47:49,930 - INFO - using headers ['IST(+ 5.5)', 'DUR', 'TELECAST', 'DESCRIPTION', 'CHANNEL', 'LINE INPUT', 'SOURCE', 'CIRCUIT']
2025-03-18 14:47:50,099 - INFO - Image created: output_image.png
2025-03-18 14:47:50,104 - INFO - Wallpaper set
2025-03-18 14:53:11,435 - INFO - using Version_1_Satellite_Feed_Planner 03rd Mar to 09th Mar 2025.xlsx from C:\Users\DELL\Desktop\liveevents\Version_1_Satellite_Feed_Planner 03rd Mar to 09th Mar 2025.xlsx
2025-03-18 14:53:11,436 - INFO - Processing: Version_1_Satellite_Feed_Planner 03rd Mar to 09th Mar 2025.xlsx
2025-03-18 14:53:16,243 - INFO - 1920X1080
2025-03-18 14:53:16,412 - INFO - using headers ['IST(+ 5.5)', 'DUR', 'TELECAST', 'DESCRIPTION', 'CHANNEL', 'LINE INPUT', 'SOURCE', 'CIRCUIT']
2025-03-18 14:53:16,577 - INFO - Image created: output_image.png
2025-03-18 14:53:16,584 - INFO - Wallpaper set
2025-03-18 15:01:30,014 - INFO - using Version_1_Satellite_Feed_Planner 03rd Mar to 09th Mar 2025.xlsx from C:\Users\DELL\Desktop\liveevents\Version_1_Satellite_Feed_Planner 03rd Mar to 09th Mar 2025.xlsx
2025-03-18 15:01:30,014 - INFO - Processing: Version_1_Satellite_Feed_Planner 03rd Mar to 09th Mar 2025.xlsx
2025-03-18 15:01:34,862 - INFO - 1920X1080
2025-03-18 15:01:34,884 - INFO - using headers ['IST(+ 5.5)', 'DUR', 'TELECAST', 'DESCRIPTION', 'CHANNEL', 'LINE INPUT', 'SOURCE', 'CIRCUIT']
2025-03-18 15:01:35,061 - INFO - Image created: output_image.png
2025-03-18 15:01:35,066 - INFO - Wallpaper set
2025-03-18 15:02:44,044 - INFO - using Version_1_Satellite_Feed_Planner 03rd Mar to 09th Mar 2025.xlsx from C:\Users\DELL\Desktop\liveevents\Version_1_Satellite_Feed_Planner 03rd Mar to 09th Mar 2025.xlsx
2025-03-18 15:02:44,045 - INFO - Processing: Version_1_Satellite_Feed_Planner 03rd Mar to 09th Mar 2025.xlsx
2025-03-18 15:02:48,843 - INFO - 1920X1080
2025-03-18 15:02:48,863 - INFO - using headers ['IST(+ 5.5)', 'DUR', 'TELECAST', 'DESCRIPTION', 'CHANNEL', 'LINE INPUT', 'SOURCE', 'CIRCUIT']
2025-03-18 15:02:49,036 - INFO - Image created: output_image.png
2025-03-18 15:02:49,041 - INFO - Wallpaper set
2025-03-18 15:03:12,126 - INFO - using Version_1_Satellite_Feed_Planner 03rd Mar to 09th Mar 2025.xlsx from C:\Users\DELL\Desktop\liveevents\Version_1_Satellite_Feed_Planner 03rd Mar to 09th Mar 2025.xlsx
2025-03-18 15:03:12,127 - INFO - Processing: Version_1_Satellite_Feed_Planner 03rd Mar to 09th Mar 2025.xlsx
2025-03-18 15:03:17,186 - INFO - 1920X1080
2025-03-18 15:03:17,208 - INFO - using headers ['IST(+ 5.5)', 'DUR', 'TELECAST', 'DESCRIPTION', 'CHANNEL', 'LINE INPUT', 'SOURCE', 'CIRCUIT']
2025-03-18 15:03:17,381 - INFO - Image created: output_image.png
2025-03-18 15:03:17,386 - INFO - Wallpaper set
2025-03-18 15:03:47,387 - INFO - using Version_1_Satellite_Feed_Planner 03rd Mar to 09th Mar 2025.xlsx from C:\Users\DELL\Desktop\liveevents\Version_1_Satellite_Feed_Planner 03rd Mar to 09th Mar 2025.xlsx
2025-03-18 15:03:47,388 - INFO - Processing: Version_1_Satellite_Feed_Planner 03rd Mar to 09th Mar 2025.xlsx
2025-03-18 15:03:53,593 - INFO - 1920X1080
2025-03-18 15:03:53,612 - INFO - using headers ['IST(+ 5.5)', 'DUR', 'TELECAST', 'DESCRIPTION', 'CHANNEL', 'LINE INPUT', 'SOURCE', 'CIRCUIT']
2025-03-18 15:03:53,780 - INFO - Image created: output_image.png
2025-03-18 15:03:53,784 - INFO - Wallpaper set
2025-03-18 15:04:23,784 - INFO - using Version_1_Satellite_Feed_Planner 03rd Mar to 09th Mar 2025.xlsx from C:\Users\DELL\Desktop\liveevents\Version_1_Satellite_Feed_Planner 03rd Mar to 09th Mar 2025.xlsx
2025-03-18 15:04:23,784 - INFO - Processing: Version_1_Satellite_Feed_Planner 03rd Mar to 09th Mar 2025.xlsx
2025-03-18 15:05:16,047 - INFO - using Version_1_Satellite_Feed_Planner 03rd Mar to 09th Mar 2025.xlsx from C:\Users\DELL\Desktop\liveevents\Version_1_Satellite_Feed_Planner 03rd Mar to 09th Mar 2025.xlsx
2025-03-18 15:05:16,048 - INFO - Processing: Version_1_Satellite_Feed_Planner 03rd Mar to 09th Mar 2025.xlsx
2025-03-18 15:05:21,116 - INFO - 1920X1080
2025-03-18 15:05:21,274 - INFO - using headers ['IST(+ 5.5)', 'DUR', 'TELECAST', 'DESCRIPTION', 'CHANNEL', 'LINE INPUT', 'SOURCE', 'CIRCUIT']
2025-03-18 15:05:21,443 - INFO - Image created: output_image.png
2025-03-18 15:05:21,450 - INFO - Wallpaper set
2025-03-18 15:06:05,608 - INFO - using Version_1_Satellite_Feed_Planner 03rd Mar to 09th Mar 2025.xlsx from C:\Users\DELL\Desktop\liveevents\Version_1_Satellite_Feed_Planner 03rd Mar to 09th Mar 2025.xlsx
2025-03-18 15:06:05,608 - INFO - Processing: Version_1_Satellite_Feed_Planner 03rd Mar to 09th Mar 2025.xlsx
2025-03-18 15:06:10,430 - INFO - 1920X1080
2025-03-18 15:06:10,594 - INFO - using headers ['IST(+ 5.5)', 'DUR', 'TELECAST', 'DESCRIPTION', 'CHANNEL', 'LINE INPUT', 'SOURCE', 'CIRCUIT']
2025-03-18 15:06:10,620 - INFO - Playing: audio.mp3
2025-03-18 15:06:14,730 - INFO - Playback finished successfully.
2025-03-18 15:06:14,744 - INFO - Playing: audio.mp3
2025-03-18 15:06:18,040 - INFO - Playback finished successfully.
2025-03-18 15:06:18,179 - INFO - Image created: output_image.png
2025-03-18 15:06:18,185 - INFO - Wallpaper set
2025-03-18 15:06:48,185 - INFO - using Version_1_Satellite_Feed_Planner 03rd Mar to 09th Mar 2025.xlsx from C:\Users\DELL\Desktop\liveevents\Version_1_Satellite_Feed_Planner 03rd Mar to 09th Mar 2025.xlsx
2025-03-18 15:06:48,185 - INFO - Processing: Version_1_Satellite_Feed_Planner 03rd Mar to 09th Mar 2025.xlsx
2025-03-18 15:06:52,415 - INFO - 1920X1080
2025-03-18 15:06:52,569 - INFO - using headers ['IST(+ 5.5)', 'DUR', 'TELECAST', 'DESCRIPTION', 'CHANNEL', 'LINE INPUT', 'SOURCE', 'CIRCUIT']
2025-03-18 15:06:52,596 - INFO - Playing: audio.mp3
